# JRE version: Java(TM) SE Runtime Environment (8.0_45-b14) (build 1.8.0_45-b14)
# Java VM: Java HotSpot(TM) 64-Bit Server VM (25.45-b02 mixed mode windows-amd64 compressed oops)
Heap:
 PSYoungGen      total 70144K, used 17525K [0x00000000eab00000, 0x00000000ef700000, 0x0000000100000000)
  eden space 62464K, 28% used [0x00000000eab00000,0x00000000ebc1d400,0x00000000ee800000)
  from space 7680K, 0% used [0x00000000ee800000,0x00000000ee800000,0x00000000eef80000)
  to   space 7680K, 0% used [0x00000000eef80000,0x00000000eef80000,0x00000000ef700000)
 ParOldGen       total 29184K, used 8138K [0x00000000c0000000, 0x00000000c1c80000, 0x00000000eab00000)
  object space 29184K, 27% used [0x00000000c0000000,0x00000000c07f2818,0x00000000c1c80000)
 Metaspace       used 24263K, capacity 24902K, committed 25216K, reserved 1077248K
  class space    used 3106K, capacity 3372K, committed 3456K, reserved 1048576K
GC Heap History (10 events):
Event: 149.339 GC heap before
{Heap before GC invocations=13 (full 1):
 PSYoungGen      total 31744K, used 24768K [0x00000000eab00000, 0x00000000edf80000, 0x0000000100000000)
  eden space 24576K, 100% used [0x00000000eab00000,0x00000000ec300000,0x00000000ec300000)
  from space 7168K, 2% used [0x00000000ec300000,0x00000000ec330000,0x00000000eca00000)
  to   space 7168K, 0% used [0x00000000ed880000,0x00000000ed880000,0x00000000edf80000)
 ParOldGen       total 29184K, used 10193K [0x00000000c0000000, 0x00000000c1c80000, 0x00000000eab00000)
  object space 29184K, 34% used [0x00000000c0000000,0x00000000c09f47d0,0x00000000c1c80000)
 Metaspace       used 22684K, capacity 23186K, committed 23424K, reserved 1069056K
  class space    used 2938K, capacity 3112K, committed 3200K, reserved 1048576K
Event: 149.381 GC heap after
Heap after GC invocations=13 (full 1):
 PSYoungGen      total 46080K, used 128K [0x00000000eab00000, 0x00000000ee080000, 0x0000000100000000)
  eden space 38912K, 0% used [0x00000000eab00000,0x00000000eab00000,0x00000000ed100000)
  from space 7168K, 1% used [0x00000000ed880000,0x00000000ed8a0000,0x00000000edf80000)
  to   space 7680K, 0% used [0x00000000ed100000,0x00000000ed100000,0x00000000ed880000)
 ParOldGen       total 29184K, used 10337K [0x00000000c0000000, 0x00000000c1c80000, 0x00000000eab00000)
  object space 29184K, 35% used [0x00000000c0000000,0x00000000c0a187e0,0x00000000c1c80000)
 Metaspace       used 22684K, capacity 23186K, committed 23424K, reserved 1069056K
  class space    used 2938K, capacity 3112K, committed 3200K, reserved 1048576K
}
Event: 149.596 GC heap before
{Heap before GC invocations=14 (full 1):
 PSYoungGen      total 46080K, used 39040K [0x00000000eab00000, 0x00000000ee080000, 0x0000000100000000)
  eden space 38912K, 100% used [0x00000000eab00000,0x00000000ed100000,0x00000000ed100000)
  from space 7168K, 1% used [0x00000000ed880000,0x00000000ed8a0000,0x00000000edf80000)
  to   space 7680K, 0% used [0x00000000ed100000,0x00000000ed100000,0x00000000ed880000)
 ParOldGen       total 29184K, used 10337K [0x00000000c0000000, 0x00000000c1c80000, 0x00000000eab00000)
  object space 29184K, 35% used [0x00000000c0000000,0x00000000c0a187e0,0x00000000c1c80000)
 Metaspace       used 22708K, capacity 23250K, committed 23424K, reserved 1069056K
  class space    used 2939K, capacity 3112K, committed 3200K, reserved 1048576K
Event: 149.677 GC heap after
Heap after GC invocations=14 (full 1):
 PSYoungGen      total 46592K, used 432K [0x00000000eab00000, 0x00000000ef700000, 0x0000000100000000)
  eden space 38912K, 0% used [0x00000000eab00000,0x00000000eab00000,0x00000000ed100000)
  from space 7680K, 5% used [0x00000000ed100000,0x00000000ed16c010,0x00000000ed880000)
  to   space 7680K, 0% used [0x00000000eef80000,0x00000000eef80000,0x00000000ef700000)
 ParOldGen       total 29184K, used 10457K [0x00000000c0000000, 0x00000000c1c80000, 0x00000000eab00000)
  object space 29184K, 35% used [0x00000000c0000000,0x00000000c0a367e0,0x00000000c1c80000)
 Metaspace       used 22708K, capacity 23250K, committed 23424K, reserved 1069056K
  class space    used 2939K, capacity 3112K, committed 3200K, reserved 1048576K
}
Event: 149.833 GC heap before
{Heap before GC invocations=15 (full 1):
 PSYoungGen      total 46592K, used 39344K [0x00000000eab00000, 0x00000000ef700000, 0x0000000100000000)
  eden space 38912K, 100% used [0x00000000eab00000,0x00000000ed100000,0x00000000ed100000)
  from space 7680K, 5% used [0x00000000ed100000,0x00000000ed16c010,0x00000000ed880000)
  to   space 7680K, 0% used [0x00000000eef80000,0x00000000eef80000,0x00000000ef700000)
 ParOldGen       total 29184K, used 10457K [0x00000000c0000000, 0x00000000c1c80000, 0x00000000eab00000)
  object space 29184K, 35% used [0x00000000c0000000,0x00000000c0a367e0,0x00000000c1c80000)
 Metaspace       used 22710K, capacity 23250K, committed 23424K, reserved 1069056K
  class space    used 2939K, capacity 3112K, committed 3200K, reserved 1048576K
Event: 149.886 GC heap after
Heap after GC invocations=15 (full 1):
 PSYoungGen      total 70144K, used 128K [0x00000000eab00000, 0x00000000ef700000, 0x0000000100000000)
  eden space 62464K, 0% used [0x00000000eab00000,0x00000000eab00000,0x00000000ee800000)
  from space 7680K, 1% used [0x00000000eef80000,0x00000000eefa0000,0x00000000ef700000)
  to   space 7680K, 0% used [0x00000000ee800000,0x00000000ee800000,0x00000000eef80000)
 ParOldGen       total 29184K, used 10846K [0x00000000c0000000, 0x00000000c1c80000, 0x00000000eab00000)
  object space 29184K, 37% used [0x00000000c0000000,0x00000000c0a97820,0x00000000c1c80000)
 Metaspace       used 22710K, capacity 23250K, committed 23424K, reserved 1069056K
  class space    used 2939K, capacity 3112K, committed 3200K, reserved 1048576K
}
Event: 150.293 GC heap before
{Heap before GC invocations=16 (full 1):
 PSYoungGen      total 70144K, used 62592K [0x00000000eab00000, 0x00000000ef700000, 0x0000000100000000)
  eden space 62464K, 100% used [0x00000000eab00000,0x00000000ee800000,0x00000000ee800000)
  from space 7680K, 1% used [0x00000000eef80000,0x00000000eefa0000,0x00000000ef700000)
  to   space 7680K, 0% used [0x00000000ee800000,0x00000000ee800000,0x00000000eef80000)
 ParOldGen       total 29184K, used 10846K [0x00000000c0000000, 0x00000000c1c80000, 0x00000000eab00000)
  object space 29184K, 37% used [0x00000000c0000000,0x00000000c0a97820,0x00000000c1c80000)
 Metaspace       used 22727K, capacity 23250K, committed 23424K, reserved 1069056K
  class space    used 2940K, capacity 3112K, committed 3200K, reserved 1048576K
Event: 150.305 GC heap after
Heap after GC invocations=16 (full 1):
 PSYoungGen      total 70144K, used 192K [0x00000000eab00000, 0x00000000ef700000, 0x0000000100000000)
  eden space 62464K, 0% used [0x00000000eab00000,0x00000000eab00000,0x00000000ee800000)
  from space 7680K, 2% used [0x00000000ee800000,0x00000000ee830000,0x00000000eef80000)
  to   space 7680K, 0% used [0x00000000eef80000,0x00000000eef80000,0x00000000ef700000)
 ParOldGen       total 29184K, used 10950K [0x00000000c0000000, 0x00000000c1c80000, 0x00000000eab00000)
  object space 29184K, 37% used [0x00000000c0000000,0x00000000c0ab1820,0x00000000c1c80000)
 Metaspace       used 22727K, capacity 23250K, committed 23424K, reserved 1069056K
  class space    used 2940K, capacity 3112K, committed 3200K, reserved 1048576K
}
Event: 150.592 GC heap before
{Heap before GC invocations=17 (full 1):
 PSYoungGen      total 70144K, used 62656K [0x00000000eab00000, 0x00000000ef700000, 0x0000000100000000)
  eden space 62464K, 100% used [0x00000000eab00000,0x00000000ee800000,0x00000000ee800000)
  from space 7680K, 2% used [0x00000000ee800000,0x00000000ee830000,0x00000000eef80000)
  to   space 7680K, 0% used [0x00000000eef80000,0x00000000eef80000,0x00000000ef700000)
 ParOldGen       total 29184K, used 10950K [0x00000000c0000000, 0x00000000c1c80000, 0x00000000eab00000)
  object space 29184K, 37% used [0x00000000c0000000,0x00000000c0ab1820,0x00000000c1c80000)
 Metaspace       used 22727K, capacity 23250K, committed 23424K, reserved 1069056K
  class space    used 2940K, capacity 3112K, committed 3200K, reserved 1048576K
Event: 150.601 GC heap after
Heap after GC invocations=17 (full 1):
 PSYoungGen      total 70144K, used 544K [0x00000000eab00000, 0x00000000ef700000, 0x0000000100000000)
  eden space 62464K, 0% used [0x00000000eab00000,0x00000000eab00000,0x00000000ee800000)
  from space 7680K, 7% used [0x00000000eef80000,0x00000000ef008020,0x00000000ef700000)
  to   space 7680K, 0% used [0x00000000ee800000,0x00000000ee800000,0x00000000eef80000)
 ParOldGen       total 29184K, used 11110K [0x00000000c0000000, 0x00000000c1c80000, 0x00000000eab00000)
  object space 29184K, 38% used [0x00000000c0000000,0x00000000c0ad9820,0x00000000c1c80000)
 Metaspace       used 22727K, capacity 23250K, committed 23424K, reserved 1069056K
  class space    used 2940K, capacity 3112K, committed 3200K, reserved 1048576K
}

